dh_prep
dh_installdirs
dh_installdocs
dh_installexamples
dh_installmenu
dh_installemacsen
dh_installman
dh_installchangelogs
dh_install
dh_strip
dh_link
dh_compress
dh_fixperms
dh_installdeb
dh_shlibdeps
dh_gencontrol
dh_md5sums
dh_builddeb
dh_prep
dh_installdirs
dh_installdocs
dh_installexamples
dh_installmenu
dh_installemacsen
dh_installman
dh_installchangelogs
dh_install
dh_strip
dh_link
dh_compress
dh_fixperms
dh_installdeb
dh_shlibdeps
dh_gencontrol
dh_md5sums
dh_builddeb
dh_prep
dh_installdirs
dh_installdocs
dh_installexamples
dh_installmenu
dh_installemacsen
dh_installman
dh_installchangelogs
dh_install
dh_strip
dh_link
dh_compress
dh_fixperms
dh_installdeb
dh_shlibdeps
dh_gencontrol
dh_md5sums
dh_builddeb
dh_prep
dh_installdirs
dh_installdocs
dh_installexamples
dh_installmenu
dh_installemacsen
dh_installman
dh_installchangelogs
dh_install
dh_strip
dh_link
dh_compress
dh_fixperms
dh_installdeb
dh_shlibdeps
dh_gencontrol
dh_md5sums
dh_builddeb
dh_prep
dh_installdirs
dh_installdocs
dh_installexamples
dh_installmenu
dh_installemacsen
dh_installman
dh_installchangelogs
dh_install
dh_strip
dh_link
dh_compress
dh_fixperms
dh_installdeb
dh_shlibdeps
dh_gencontrol
dh_md5sums
dh_builddeb
dh_prep
dh_installdirs
dh_installdocs
dh_installexamples
dh_installmenu
dh_installemacsen
dh_installman
dh_installchangelogs
dh_install
dh_strip
dh_link
dh_compress
dh_fixperms
dh_installdeb
dh_shlibdeps
dh_gencontrol
dh_md5sums
dh_builddeb
dh_prep
dh_installdirs
dh_installdocs
dh_installexamples
dh_installmenu
dh_installemacsen
dh_installman
dh_installchangelogs
dh_install
dh_strip
dh_link
dh_compress
dh_fixperms
dh_installdeb
dh_shlibdeps
dh_gencontrol
dh_md5sums
dh_builddeb
dh_prep
dh_installdirs
dh_prep
dh_installdirs
dh_installdocs
dh_installexamples
dh_installmenu
dh_installemacsen
dh_installman
dh_installchangelogs
dh_install
dh_strip
dh_link
dh_compress
dh_fixperms
dh_installdeb
dh_shlibdeps
dh_gencontrol
dh_md5sums
dh_builddeb
dh_prep
dh_installdirs
dh_installdocs
dh_installexamples
dh_installmenu
dh_installemacsen
dh_installman
dh_installchangelogs
dh_install
dh_strip
dh_link
dh_compress
dh_fixperms
dh_installdeb
dh_shlibdeps
dh_gencontrol
dh_md5sums
dh_builddeb
dh_prep
dh_installdirs
dh_installdocs
dh_installexamples
dh_installmenu
dh_installemacsen
dh_installman
dh_installchangelogs
dh_install
dh_strip
dh_link
dh_compress
dh_fixperms
dh_installdeb
dh_shlibdeps
dh_gencontrol
dh_md5sums
dh_builddeb
dh_prep
dh_installdirs
dh_installdocs
dh_installexamples
dh_installmenu
dh_installemacsen
dh_installman
dh_installchangelogs
dh_install
dh_strip
dh_link
dh_compress
dh_fixperms
dh_installdeb
dh_shlibdeps
dh_gencontrol
dh_md5sums
dh_builddeb
dh_prep
dh_installdirs
dh_installdocs
dh_installexamples
dh_installmenu
dh_installemacsen
dh_installman
dh_installchangelogs
dh_install
dh_strip
dh_link
dh_compress
dh_fixperms
dh_installdeb
dh_shlibdeps
dh_gencontrol
dh_md5sums
dh_builddeb
dh_prep
dh_installdirs
dh_prep
dh_installdirs
dh_installdocs
dh_installexamples
dh_installmenu
dh_installemacsen
dh_installman
dh_installchangelogs
dh_install
dh_prep
dh_installdirs
dh_installdocs
dh_installexamples
dh_installmenu
dh_installemacsen
dh_installman
dh_installchangelogs
dh_install
dh_strip
dh_link
dh_compress
dh_fixperms
dh_installdeb
dh_shlibdeps
dh_gencontrol
dh_md5sums
dh_builddeb
dh_prep
dh_installdirs
dh_installdocs
dh_installexamples
dh_installmenu
dh_installemacsen
dh_installman
dh_installchangelogs
dh_install
dh_strip
dh_link
dh_compress
dh_fixperms
dh_installdeb
dh_shlibdeps
dh_gencontrol
dh_md5sums
dh_builddeb
dh_prep
dh_installdirs
dh_installdocs
dh_installexamples
dh_installmenu
dh_installemacsen
dh_installman
dh_installchangelogs
dh_install
dh_strip
dh_link
dh_compress
dh_fixperms
dh_installdeb
dh_shlibdeps
dh_gencontrol
dh_md5sums
dh_builddeb
